[33mcommit c8ab98113fdc2e687c869950e66c9364bb5e9f09[m
Author: leon-huang <leon@njuopen.com>
Date:   Thu Nov 15 17:37:56 2012 +0800

    å¢åŠ åŠŸèƒ½ï¼Œä¿®å¤bug

[33mcommit e2abca9c9220dc188fff2cd8c9ec7a7ad4e32039[m
Merge: 7a1aecb adb5b86
Author: jason <capjason@163.com>
Date:   Thu Nov 15 17:36:57 2012 +0800

    Merge branch 'master' of https://github.com/leon-huang/SSOB

[33mcommit 7a1aecb3531c818983cae049acf73e1cb07f3649[m
Author: jason <capjason@163.com>
Date:   Wed Nov 14 18:53:45 2012 +0800

    ä¿®å¤bug

[33mcommit 619c98b0ab3f022c95c68bf568289b567fa63f7c[m
Author: leon-huang <leon@njuopen.com>
Date:   Tue Nov 13 22:32:05 2012 +0800

    ä¿®å¤bug

[33mcommit 1b05394ebd705fc9a5c7edda575af89967078e34[m
Author: leon-huang <leon@njuopen.com>
Date:   Mon Nov 12 10:45:15 2012 +0800

    æ¥å£è°ƒæ•´

[33mcommit adb5b86e5b9f7f5c10c054d3d6b75d8024a5c160[m
Author: Leon Huang <leon@njuopen.com>
Date:   Sun Nov 11 23:47:08 2012 +0800

    å¢åŠ åŠŸèƒ½

[33mcommit 010f059fd91b7b7c30ec75af15556a93cb5efed4[m
Author: leon-huang <leon@njuopen.com>
Date:   Sun Nov 11 23:39:25 2012 +0800

    ä¸šåŠ¡é€»è¾‘å±‚å®Œæˆ

[33mcommit 3b753b91f8ace8256bcba858fe4de01b616ba4a5[m
Author: jason <capjason@163.com>
Date:   Sun Nov 11 19:10:35 2012 +0800

    ä¿®å¤bug

[33mcommit 5ed9d48ba4ef8586d540e6620757721b5452c0f6[m
Author: leon-huang <leon@njuopen.com>
Date:   Sun Nov 11 18:56:55 2012 +0800

    å¢åŠ åŠŸèƒ½ï¼Œä¿®å¤bug

[33mcommit e2b591a4f90fb9849a3c347b51635a107a09330c[m
Author: jason <capjason@163.com>
Date:   Sun Nov 11 18:39:59 2012 +0800

    å¢åŠ åŠŸèƒ½ï¼Œä¿®å¤bug

[33mcommit adf10bf57d482f0d37340a500f00a0f800a6efa6[m
Author: leon-huang <leon@njuopen.com>
Date:   Sun Nov 11 17:25:13 2012 +0800

    ä¿®å¤bug

[33mcommit 30a23b63b44d38b338a4cbf93d4f1589cce3dc9e[m
Author: leon-huang <leon@njuopen.com>
Date:   Sun Nov 11 10:53:22 2012 +0800

    å¢åŠ åŠŸèƒ½

[33mcommit 3857c69ec851d440938f062817456d7dd738aeb7[m
Author: jason <capjason@163.com>
Date:   Sun Nov 11 10:34:44 2012 +0800

    å¢åŠ åŠŸèƒ½ï¼Œä¿®å¤bug

[33mcommit 53935ff0db989822c56d389a337b2758f3f2ca6f[m
Author: leon-huang <leon@njuopen.com>
Date:   Sun Nov 11 10:32:25 2012 +0800

    å¢åŠ åŠŸèƒ½

[33mcommit 10c418b4143ac7fb79c72e4b780840abdfd560c3[m
Author: Leon Huang <leon@njuopen.com>
Date:   Sun Nov 11 09:46:11 2012 +0800

    å¢åŠ åŠŸèƒ½

[33mcommit 38aed55cc6a7ed8aceefc71189e0470f98fdce47[m
Author: jason <capjason@163.com>
Date:   Sat Nov 10 23:26:21 2012 +0800

    å¢åŠ åŠŸèƒ½

[33mcommit 297666abc4c9e47d9881dcdeed9d09e8c376b87e[m
Author: leon-huang <leon@njuopen.com>
Date:   Sat Nov 10 23:13:16 2012 +0800

    å¢åŠ åŠŸèƒ½

[33mcommit 04d5ce5f2b0f85cd44d91037fd78732214c5a041[m
Author: jason <capjason@163.com>
Date:   Sat Nov 10 10:05:05 2012 +0800

    ä¿®æ”¹ç™»å½•ç•Œé¢

[33mcommit 37dacff485365ba1f4b2fbe129ce364aaecf9366[m
Author: leon-huang <leon@njuopen.com>
Date:   Fri Nov 9 22:41:50 2012 +0800

    å¢åŠ åŠŸèƒ½

[33mcommit b9253f0e2374c0cfae52e465f86da6e45494f679[m
Author: leon-huang <leon@njuopen.com>
Date:   Fri Nov 9 18:52:45 2012 +0800

    å¢åŠ åŠŸèƒ½

[33mcommit b8b31164bd72c82afd07a8c75da75eaef3627693[m
Author: leon-huang <leon@njuopen.com>
Date:   Fri Nov 9 18:15:53 2012 +0800

    æ•°æ®å±‚ã€ç½‘ç»œæ¨¡å—å®Œæˆ

[33mcommit ebb9bda6c2458fa276b2eb26bea96a9cd4ef813a[m
Author: jason <capjason@163.com>
Date:   Fri Nov 9 16:31:13 2012 +0800

    å¢åŠ åŠŸèƒ½ï¼Œä¿®å¤bug

[33mcommit bfb48901e337f20dfb95073b7e0942dc87ab510c[m
Author: leon-huang <leon@njuopen.com>
Date:   Fri Nov 9 00:07:27 2012 +0800

    å¢åŠ åŠŸèƒ½

[33mcommit f4550d8d4c60f1409f9d402f12973390269258fe[m
Author: jason <capjason@163.com>
Date:   Thu Nov 8 16:04:46 2012 +0800

    å°é‡æ„

[33mcommit 9423aca5577b11a698c52ba22824eff5faec2b9f[m
Author: jason <capjason@163.com>
Date:   Thu Nov 8 15:35:50 2012 +0800

    å¢åŠ åŠŸèƒ½ï¼Œä¿®å¤bug

[33mcommit 550a0fb8a8148dd3bdb8e47e44157bf4ee975c7d[m
Author: leon-huang <leon@njuopen.com>
Date:   Thu Nov 8 11:27:21 2012 +0800

    ä¿®å¤bug

[33mcommit 3127b6cb5f78c41144168a9c0a3ab5c7d03d94eb[m
Author: leon-huang <leon@njuopen.com>
Date:   Thu Nov 8 10:21:30 2012 +0800

    é‡æ„ä¸šåŠ¡é€»è¾‘å±‚

[33mcommit a98f3e920ce28f5cb79c9ac02deff9bdb723eb83[m
Author: leon-huang <leon@njuopen.com>
Date:   Thu Nov 8 10:03:55 2012 +0800

    å¢åŠ åŠŸèƒ½

[33mcommit 0484e7a0978858c02d1035ce618b8b211a62f312[m
Author: jason <capjason@163.com>
Date:   Thu Nov 8 10:01:08 2012 +0800

    å¢åŠ åŠŸèƒ½ï¼Œä¿®å¤bug

[33mcommit 7ea240dcb74fa6afc6ef9c165ec9b32ed20ca944[m
Author: jason <capjason@163.com>
Date:   Wed Nov 7 23:49:29 2012 +0800

    ä¿®å¤bug

[33mcommit 63f7f4e4a4d911cea01c73f5d4d40a22e85d69fb[m
Author: leon-huang <leon@njuopen.com>
Date:   Wed Nov 7 22:28:21 2012 +0800

    å¢åŠ åŠŸèƒ½ï¼Œä¿®å¤bug

[33mcommit 95e7d33af84ead15c1d5c4fc5b0ed375e6074495[m
Merge: b48c6d5 d27d422
Author: jason <capjason@163.com>
Date:   Wed Nov 7 21:36:35 2012 +0800

    Merge branch 'master' of https://github.com/leon-huang/SSOB

[33mcommit b48c6d511ecbe4c7d57a764c7bee29fdda44b999[m
Author: leon-huang <leon@njuopen.com>
Date:   Wed Nov 7 20:56:00 2012 +0800

    å¢åŠ åŠŸèƒ½

[33mcommit d27d422e443f5c19445fa02468f67655e6e5c450[m
Author: leon-huang <leon@njuopen.com>
Date:   Tue Nov 6 10:50:33 2012 +0800

    ä¿®å¤bug

[33mcommit 745bd0a95e9eb29ae50178d9b0d547d8b00fcacb[m
Author: jason <capjason@163.com>
Date:   Mon Nov 5 23:02:24 2012 +0800

    å¢åŠ åŠŸèƒ½

[33mcommit 5b484cbecde8020a10c9f5bdf181439fc4a5511a[m
Author: leon-huang <leon@njuopen.com>
Date:   Mon Nov 5 22:56:05 2012 +0800

    å¢åŠ åŠŸèƒ½ï¼Œå°å°é‡æ„

[33mcommit 7e680a6b368c0974120f54e56e9751884cc3c5bf[m
Author: leon-huang <leon@njuopen.com>
Date:   Mon Nov 5 22:35:38 2012 +0800

    å¢åŠ åŠŸèƒ½ï¼Œä¿®å¤bug

[33mcommit dcd0a106d29253de0239084f8354d1b54ca5561f[m
Author: leon-huang <leon@njuopen.com>
Date:   Mon Nov 5 21:10:09 2012 +0800

    å¢åŠ åŠŸèƒ½ï¼Œä¿®å¤bug

[33mcommit 62eea43dfc735c9de29fd56896e38e5546920feb[m
Author: jason <capjason@163.com>
Date:   Mon Nov 5 21:06:36 2012 +0800

    ä¿®å¤bug

[33mcommit 1e389f7a011115fb0bc69e7d95084ea106d1ab0d[m
Author: leon-huang <leon@njuopen.com>
Date:   Mon Nov 5 17:30:26 2012 +0800

    å¢åŠ åŠŸèƒ½

[33mcommit d2f667d2555d8efcaffcef5e930fd8aa0cd01d73[m
Author: leon-huang <leon@njuopen.com>
Date:   Mon Nov 5 16:57:31 2012 +0800

    å¢åŠ åŠŸèƒ½

[33mcommit 8becd5f5b57c80173791a6f6d094177a0bfae7ff[m
Author: jason <capjason@163.com>
Date:   Mon Nov 5 16:46:36 2012 +0800

    ä¿®å¤bug

[33mcommit d5cfee0a8fe83ab2ce6a75b4695e1f95839577a8[m
Author: leon-huang <leon@njuopen.com>
Date:   Mon Nov 5 16:46:13 2012 +0800

    ä¿®å¤bugï¼Œä¿®æ”¹æ¥å£

[33mcommit 6cf49d61d4dc2f16dbafae8c99a217c32c40f95e[m
Author: jason <capjason@163.com>
Date:   Mon Nov 5 15:40:09 2012 +0800

    å¢åŠ åŠŸèƒ½

[33mcommit ebf5ff19c7ea4ae79601879393fd55642fc15ac6[m
Author: leon-huang <leon@njuopen.com>
Date:   Mon Nov 5 14:43:46 2012 +0800

    å¢åŠ åŠŸèƒ½ï¼Œä¿®æ”¹æ¥å£

[33mcommit 11ff49d9002a85b690b815ee4fdf5138122f5cd8[m
Author: jason <capjason@163.com>
Date:   Mon Nov 5 12:59:20 2012 +0800

    å¢åŠ åŠŸèƒ½

[33mcommit 992cebd5ac818a16aae8a5c04a16b43e49ba6dd0[m
Author: jason <capjason@163.com>
Date:   Mon Nov 5 11:44:21 2012 +0800

    ä¿®å¤bugï¼Œå¹¶å¢åŠ åŠŸèƒ½

[33mcommit 8ef4010dceb14207893a797e27b2b1a754388ec7[m
Author: leon-huang <leon@njuopen.com>
Date:   Mon Nov 5 11:39:39 2012 +0800

    å¢åŠ åŠŸèƒ½

[33mcommit 55baec6c405b8362fb363718d5306ae012991a64[m
Author: leon-huang <leon@njuopen.com>
Date:   Mon Nov 5 11:31:50 2012 +0800

    ä¿®å¤ä¸€ä¸ªbug

[33mcommit ebf41bd30b9b259ac68a561341ed3e96e0b468d7[m
Author: jason <capjason@163.com>
Date:   Sun Nov 4 23:30:13 2012 +0800

    å¢åŠ åŠŸèƒ½

[33mcommit 012d2b97db5797d76006b04f873c19a32788a048[m
Author: leon-huang <leon@njuopen.com>
Date:   Sun Nov 4 23:28:05 2012 +0800

    å¢åŠ åŠŸèƒ½

[33mcommit 5e4355cc65d2b54f9e47932765ef9e67316bf1fa[m
Author: jason <capjason@163.com>
Date:   Sun Nov 4 23:18:33 2012 +0800

    å¢åŠ åŠŸèƒ½

[33mcommit 83fd009b569bfa5dc631709e3ef5e9645108ddd6[m
Author: Leon Huang <leon@njuopen.com>
Date:   Sat Nov 3 21:43:19 2012 -0700

    Initial commit
